<?xml version="1.0" encoding="UTF-8"?>
<testng-results ignored="0" total="1" passed="1" failed="0" skipped="0">
  <reporter-output>
  </reporter-output>
  <suite started-at="2022-10-10T21:39:10 IST" name="Default suite" finished-at="2022-10-10T21:39:28 IST" duration-ms="17914">
    <groups>
    </groups>
    <test started-at="2022-10-10T21:39:10 IST" name="Default test" finished-at="2022-10-10T21:39:28 IST" duration-ms="17914">
      <class name="Generic.Read_from_properties_file">
        <test-method signature="login()[pri:0, instance:Generic.Read_from_properties_file@161479c6]" started-at="2022-10-10T21:39:10 IST" name="login" finished-at="2022-10-10T21:39:28 IST" duration-ms="17837" status="PASS">
          <reporter-output>
          </reporter-output>
        </test-method> <!-- login -->
      </class> <!-- Generic.Read_from_properties_file -->
    </test> <!-- Default test -->
  </suite> <!-- Default suite -->
</testng-results>
